* using log directory 'C:/Users/daese/Desktop/Spring 2019/STAT 133/hw-stat133/binomial.Rcheck'
* using R version 3.6.0 (2019-04-26)
* using platform: x86_64-w64-mingw32 (64-bit)
* using session charset: ISO8859-1
* using options '--no-manual --as-cran'
* checking for file 'binomial/DESCRIPTION' ... OK
* checking extension type ... Package
* this is package 'binomial' version '0.1.0'
* package encoding: UTF-8
* checking package namespace information ... OK
* checking package dependencies ... OK
* checking if this is a source package ... OK
* checking if there is a namespace ... OK
* checking for executable files ... OK
* checking for hidden files and directories ... OK
* checking for portable file names ... OK
* checking serialization versions ... OK
* checking whether package 'binomial' can be installed ... OK
* checking installed package size ... OK
* checking package directory ... OK
* checking for future file timestamps ... OK
* checking 'build' directory ... OK
* checking DESCRIPTION meta-information ... WARNING
Non-standard license specification:
  GNL-2
Standardizable: FALSE
* checking top-level files ... OK
* checking for left-over files ... OK
* checking index information ... OK
* checking package subdirectories ... OK
* checking R files for non-ASCII characters ... OK
* checking R files for syntax errors ... OK
* checking whether the package can be loaded ... OK
* checking whether the package can be loaded with stated dependencies ... OK
* checking whether the package can be unloaded cleanly ... OK
* checking whether the namespace can be loaded with stated dependencies ... OK
* checking whether the namespace can be unloaded cleanly ... OK
* checking loading without being on the library search path ... OK
* checking dependencies in R code ... OK
* checking S3 generic/method consistency ... WARNING
print:
  function(x, ...)
print.binvar:
  function(var)

print:
  function(x, ...)
print.summary.binvar:
  function(var)

summary:
  function(object, ...)
summary.binvar:
  function(var)

plot:
  function(x, ...)
plot.bincum:
  function(dist)

plot:
  function(x, ...)
plot.bindis:
  function(dist)

See section 'Generic functions and methods' in the 'Writing R
Extensions' manual.

Found the following apparent S3 methods exported but not registered:
  plot.bincum plot.bindis print.binvar print.summary.binvar
  summary.binvar
See section 'Registering S3 methods' in the 'Writing R Extensions'
manual.
* checking replacement functions ... OK
* checking foreign function calls ... OK
* checking R code for possible problems ... NOTE
plot.bincum: no visible global function definition for 'plot'
plot.bindis: no visible global function definition for 'barplot'
Undefined global functions or variables:
  barplot plot
Consider adding
  importFrom("graphics", "barplot", "plot")
to your NAMESPACE file.
* checking Rd files ... OK
* checking Rd metadata ... OK
* checking Rd line widths ... OK
* checking Rd cross-references ... OK
* checking for missing documentation entries ... WARNING
Undocumented code objects:
  'aux_kurtosis' 'aux_mean' 'aux_mode' 'aux_skewness' 'aux_variance'
  'check_prob' 'check_success' 'check_trials' 'plot.bincum'
  'plot.bindis' 'print.binvar' 'print.summary.binvar' 'summary.binvar'
All user-level objects in a package should have documentation entries.
See chapter 'Writing R documentation files' in the 'Writing R
Extensions' manual.
* checking for code/documentation mismatches ... OK
* checking Rd \usage sections ... WARNING
Undocumented arguments in documentation object 'bin_variable'
  'p'
Documented arguments not in \usage in documentation object 'bin_variable':
  'prob'

Functions with \usage entries need to have the appropriate \alias
entries, and all their arguments documented.
The \usage entries must correspond to syntactically valid R code.
See chapter 'Writing R documentation files' in the 'Writing R
Extensions' manual.
* checking Rd contents ... OK
* checking for unstated dependencies in examples ... OK
* checking installed files from 'inst/doc' ... OK
* checking files in 'vignettes' ... OK
* checking examples ... OK
* checking for unstated dependencies in 'tests' ... WARNING
'library' or 'require' call not declared from: 'testthat'
* checking tests ... ERROR
  Running 'testthat.R'
Running the tests in 'tests/testthat.R' failed.
Complete output:
  > library(testthat)
  Error in library(testthat) : there is no package called 'testthat'
  Execution halted
* checking for unstated dependencies in vignettes ... NOTE
'::' or ':::' import not declared from: 'knitr'
* checking package vignettes in 'inst/doc' ... OK
* checking re-building of vignette outputs ... OK
* DONE
Status: 1 ERROR, 5 WARNINGs, 2 NOTEs
